<<<<<<< HEAD
[2025-10-16 10:48:54] 🚀 Сервер MetroChatBot запущен на http://127.0.0.1:8080
[2025-10-16 10:51:01] 🚀 Сервер MetroChatBot запущен на http://127.0.0.1:8080
[2025-10-16 10:51:09] ❌ index.html не найден при запросе на /
=======
[2025-10-16 10:51:20] 🚀 Сервер MetroChatBot запущен на http://127.0.0.1:8080
[2025-10-16 10:51:30] ❌ index.html не найден при запросе на /
[2025-10-16 10:52:05] 🚀 Сервер MetroChatBot запущен на http://127.0.0.1:8080
[2025-10-16 10:52:10] ➡️ Отправлен index.html пользователю
[2025-10-16 10:52:14] 💬 Запрос от пользователя: ewffsfsef
[2025-10-16 10:52:14] ⚠️ Токен истёк — получаю новый...
[2025-10-16 10:52:14] 🔐 Получение нового access_token...
[2025-10-16 10:52:14] ✅ access_token получен и сохранён.
[2025-10-16 10:52:15] 🤖 Ответ бота: Кажется, вам нужно что-то найти или спросить. Чем я могу помочь?...
[2025-10-16 10:52:15] 🎧 Аудио сохранено: /tmp/voice_f5cb491d-4a80-4c70-8c2b-b4bd2deafb07.mp3
[2025-10-16 10:52:40] 💬 Запрос от пользователя: как доехать до поровки с шаболовки
[2025-10-16 10:52:41] 🤖 Ответ бота: С станции «Шаболовская» до «Пороховых» можно доехать на зелёной линии (трамвай amburg), выйдя из мет...
[2025-10-16 10:52:45] 🎧 Аудио сохранено: /tmp/voice_380ed727-6468-4b97-8bc3-edf41e8be13a.mp3
>>>>>>> 08bc483 (изменён путь до папки в index)
[2025-10-16 10:54:46] 🚀 Сервер MetroChatBot запущен на http://127.0.0.1:8080
[2025-10-16 10:58:46] 🚀 Сервер MetroChatBot запущен на http://127.0.0.1:8080
[2025-10-16 10:59:10] ➡️ Отправлен index.html пользователю
[2025-10-16 10:59:28] 💬 Запрос от пользователя: как добратся с шаболовки до октябрьсокй
[2025-10-16 10:59:29] 🤖 Ответ бота: С Шаболовской до Октябрьской можно доехать следующим образом:

1. Сойдите на станции «Шаболовская» Л...
[2025-10-16 10:59:35] 🎧 Аудио сохранено: /tmp/voice_cb491503-7e44-4f42-9784-3d36dade620e.mp3
[2025-10-16 11:00:07] ➡️ Отправлен index.html пользователю
[2025-10-16 11:05:51] ➡️ Отправлен index.html пользователю
[2025-10-16 11:06:19] 💬 Запрос от пользователя: как добратся от пражской до вднх
[2025-10-16 11:06:20] 🤖 Ответ бота: С лёгкостью помогу вам с маршрутом!

1. С станции «Пражская»  долго ходить не придётся: всего две ос...
[2025-10-16 11:06:26] 🎧 Аудио сохранено: /tmp/voice_cd220699-a833-4e14-a69d-25ab26d5027d.mp3
